<?xml version="1.0" encoding="UTF-8"?>
<!-- Generated by org.testng.reporters.JUnitXMLReporter -->
<testsuite ignored="4" hostname="LAPTOP-0IL88A5E" failures="0" tests="2" name="Locators and advanced" time="36.216" errors="0" timestamp="2022-03-01T15:35:12 IST">
  <testcase classname="Academy.Locators" name="validateLocators" time="18.517"/>
  <testcase classname="Academy.ControlsDropDowns" name="autoSuggestiveDropDown" time="7.405"/>
  <testcase classname="Academy.ControlsDropDowns" name="loopingDropDown" time="0.0">
    <ignored/>
  </testcase> <!-- loopingDropDown -->
  <testcase classname="Academy.ControlsDropDowns" name="dynamicDropDown" time="0.0">
    <ignored/>
  </testcase> <!-- dynamicDropDown -->
  <testcase classname="Academy.ControlsDropDowns" name="validateStaticDropDown" time="0.0">
    <ignored/>
  </testcase> <!-- validateStaticDropDown -->
  <testcase classname="Academy.JavaStreams" name="verifyFiltering" time="0.0">
    <ignored/>
  </testcase> <!-- verifyFiltering -->
</testsuite> <!-- Locators and advanced -->
