<?xml version="1.0" encoding="UTF-8"?>
<!-- Generated by org.testng.reporters.JUnitXMLReporter -->
<testsuite ignored="0" hostname="LAPTOP-0IL88A5E" failures="0" tests="4" name="Test" time="17.184" errors="0" timestamp="03 Feb 2022 11:09:24 GMT">
  <testcase classname="Academy.validateNavigationBar" name="basePageNavigation" time="0.069"/>
  <testcase classname="Academy.HomePage" name="basePageNavigation" time="5.209"/>
  <testcase classname="Academy.HomePage" name="basePageNavigation" time="2.962"/>
  <testcase classname="Academy.validateTitle" name="basePageNavigation" time="0.075"/>
</testsuite> <!-- Test -->
