<?xml version="1.0" encoding="UTF-8"?>
<!-- Generated by org.testng.reporters.JUnitXMLReporter -->
<testsuite ignored="0" hostname="LAPTOP-0IL88A5E" failures="0" tests="4" name="Test" time="22.291" errors="0" timestamp="03 Feb 2022 12:34:40 GMT">
  <testcase classname="Academy.validateNavigationBar" name="basePageNavigation" time="0.083"/>
  <testcase classname="Academy.HomePage" name="basePageNavigation" time="6.467"/>
  <testcase classname="Academy.HomePage" name="basePageNavigation" time="3.122"/>
  <testcase classname="Academy.validateTitle" name="basePageNavigation" time="0.05"/>
</testsuite> <!-- Test -->
