<?xml version="1.0" encoding="UTF-8"?>
<testng-results ignored="0" total="1" passed="1" failed="0" skipped="0">
  <reporter-output>
  </reporter-output>
  <suite started-at="2022-03-05T23:09:57 IST" name="Default suite" finished-at="2022-03-05T23:10:18 IST" duration-ms="20461">
    <groups>
    </groups>
    <test started-at="2022-03-05T23:09:57 IST" name="Default test" finished-at="2022-03-05T23:10:18 IST" duration-ms="20461">
      <class name="Academy.AddToCart">
        <test-method is-config="true" signature="initialize()[pri:0, instance:Academy.AddToCart@7829b776]" started-at="2022-03-05T23:09:57 IST" name="initialize" finished-at="2022-03-05T23:10:01 IST" duration-ms="4058" status="PASS">
          <reporter-output>
          </reporter-output>
        </test-method> <!-- initialize -->
        <test-method signature="greenCart(java.lang.String, java.lang.String, java.lang.String, java.lang.String, java.lang.String)[pri:0, instance:Academy.AddToCart@7829b776]" started-at="2022-03-05T23:10:01 IST" name="greenCart" data-provider="getVeggiesNeeded" finished-at="2022-03-05T23:10:17 IST" duration-ms="16351" status="PASS">
          <params>
            <param index="0">
              <value>
                <![CDATA[Cucumber]]>
              </value>
            </param>
            <param index="1">
              <value>
                <![CDATA[Brocolli]]>
              </value>
            </param>
            <param index="2">
              <value>
                <![CDATA[Beetroot]]>
              </value>
            </param>
            <param index="3">
              <value>
                <![CDATA[Carrot]]>
              </value>
            </param>
            <param index="4">
              <value>
                <![CDATA[rahulshettyacademy]]>
              </value>
            </param>
          </params>
          <reporter-output>
          </reporter-output>
        </test-method> <!-- greenCart -->
        <test-method is-config="true" signature="teardown()[pri:0, instance:Academy.AddToCart@7829b776]" started-at="2022-03-05T23:10:17 IST" name="teardown" finished-at="2022-03-05T23:10:18 IST" duration-ms="18" status="FAIL">
          <exception class="org.openqa.selenium.remote.http.ConnectionFailedException">
            <message>
              <![CDATA[Unable to establish websocket connection to http://localhost:61826/devtools/browser/dae9ae38-8307-4f75-85fa-1a597e06f2eb
Build info: version: '4.1.2', revision: '9a5a329c5a'
System info: host: 'LAPTOP-0IL88A5E', ip: '192.168.1.102', os.name: 'Windows 10', os.arch: 'amd64', os.version: '10.0', java.version: '15.0.1'
Driver info: driver.version: RemoteWebDriver]]>
            </message>
            <full-stacktrace>
              <![CDATA[org.openqa.selenium.remote.http.ConnectionFailedException: Unable to establish websocket connection to http://localhost:61826/devtools/browser/dae9ae38-8307-4f75-85fa-1a597e06f2eb
Build info: version: '4.1.2', revision: '9a5a329c5a'
System info: host: 'LAPTOP-0IL88A5E', ip: '192.168.1.102', os.name: 'Windows 10', os.arch: 'amd64', os.version: '10.0', java.version: '15.0.1'
Driver info: driver.version: RemoteWebDriver
at org.openqa.selenium.remote.http.netty.NettyWebSocket.<init>(NettyWebSocket.java:104)
at org.openqa.selenium.remote.http.netty.NettyWebSocket.lambda$create$3(NettyWebSocket.java:137)
at org.openqa.selenium.remote.http.netty.NettyClient.openSocket(NettyClient.java:118)
at org.openqa.selenium.devtools.Connection.<init>(Connection.java:77)
at org.openqa.selenium.firefox.FirefoxDriver.maybeGetDevTools(FirefoxDriver.java:310)
at org.openqa.selenium.remote.RemoteWebDriver.close(RemoteWebDriver.java:440)
at Academy.AddToCart.teardown(AddToCart.java:85)
at java.base/jdk.internal.reflect.NativeMethodAccessorImpl.invoke0(Native Method)
at java.base/jdk.internal.reflect.NativeMethodAccessorImpl.invoke(NativeMethodAccessorImpl.java:64)
at java.base/jdk.internal.reflect.DelegatingMethodAccessorImpl.invoke(DelegatingMethodAccessorImpl.java:43)
at java.base/java.lang.reflect.Method.invoke(Method.java:564)
at org.testng.internal.MethodInvocationHelper.invokeMethod(MethodInvocationHelper.java:132)
at org.testng.internal.MethodInvocationHelper.invokeMethodConsideringTimeout(MethodInvocationHelper.java:61)
at org.testng.internal.ConfigInvoker.invokeConfigurationMethod(ConfigInvoker.java:366)
at org.testng.internal.ConfigInvoker.invokeConfigurations(ConfigInvoker.java:320)
at org.testng.TestRunner.invokeTestConfigurations(TestRunner.java:617)
at org.testng.TestRunner.afterRun(TestRunner.java:847)
at org.testng.TestRunner.run(TestRunner.java:588)
at org.testng.SuiteRunner.runTest(SuiteRunner.java:384)
at org.testng.SuiteRunner.runSequentially(SuiteRunner.java:378)
at org.testng.SuiteRunner.privateRun(SuiteRunner.java:337)
at org.testng.SuiteRunner.run(SuiteRunner.java:286)
at org.testng.SuiteRunnerWorker.runSuite(SuiteRunnerWorker.java:53)
at org.testng.SuiteRunnerWorker.run(SuiteRunnerWorker.java:96)
at org.testng.TestNG.runSuitesSequentially(TestNG.java:1218)
at org.testng.TestNG.runSuitesLocally(TestNG.java:1140)
at org.testng.TestNG.runSuites(TestNG.java:1069)
at org.testng.TestNG.run(TestNG.java:1037)
at org.testng.remote.AbstractRemoteTestNG.run(AbstractRemoteTestNG.java:115)
at org.testng.remote.RemoteTestNG.initAndRun(RemoteTestNG.java:251)
at org.testng.remote.RemoteTestNG.main(RemoteTestNG.java:77)
]]>
            </full-stacktrace>
          </exception> <!-- org.openqa.selenium.remote.http.ConnectionFailedException -->
          <reporter-output>
          </reporter-output>
        </test-method> <!-- teardown -->
      </class> <!-- Academy.AddToCart -->
    </test> <!-- Default test -->
  </suite> <!-- Default suite -->
</testng-results>
