<?xml version="1.0" encoding="UTF-8"?>
<!-- Generated by org.testng.reporters.JUnitXMLReporter -->
<testsuite ignored="5" hostname="LAPTOP-0IL88A5E" failures="0" tests="3" name="Regression Testing" time="25.048" errors="0" timestamp="2022-03-01T19:54:24 IST">
  <testcase classname="Academy.WindowHandles" name="verifyWindowHandles" time="13.925"/>
  <testcase classname="Academy.JavaStreams" name="verifyStreams" time="3.039"/>
  <testcase classname="Academy.OtherControls" name="validateCheckBox" time="8.04"/>
  <testcase classname="Academy.OtherControls" name="handlingSSLCertification" time="0.0">
    <ignored/>
  </testcase> <!-- handlingSSLCertification -->
  <testcase classname="Academy.OtherControls" name="verifyAnyDates" time="0.0">
    <ignored/>
  </testcase> <!-- verifyAnyDates -->
  <testcase classname="Academy.OtherControls" name="verifyControlEnabled" time="0.0">
    <ignored/>
  </testcase> <!-- verifyControlEnabled -->
  <testcase classname="Academy.OtherControls" name="chooseCurrentDate" time="0.0">
    <ignored/>
  </testcase> <!-- chooseCurrentDate -->
  <testcase classname="Academy.JavaStreams" name="verifyFiltering" time="0.0">
    <ignored/>
  </testcase> <!-- verifyFiltering -->
</testsuite> <!-- Regression Testing -->
